<?xml version="1.0" encoding="UTF-8"?>
<!-- Generated by org.testng.reporters.JUnitReportReporter -->
<testsuite ignored="0" hostname="LAPTOP-GL2C5OT0" failures="0" tests="1" name="pruebas.Laboratorio5_E3" time="5.106" errors="0" timestamp="28 oct 2023 21:01:15 GMT" skipped="0">
  <testcase classname="pruebas.Laboratorio5_E3" name="verAlert" time="5.106"/>
</testsuite> <!-- pruebas.Laboratorio5_E3 -->
