<?xml version="1.0" encoding="UTF-8"?>
<!-- Generated by org.testng.reporters.JUnitReportReporter -->
<testsuite ignored="0" hostname="LAPTOP-GL2C5OT0" failures="0" tests="1" name="pruebas.Laboratorio5_E4" time="0.103" errors="0" timestamp="28 oct 2023 21:11:31 GMT" skipped="0">
  <testcase classname="pruebas.Laboratorio5_E4" name="verCelda" time="0.103"/>
</testsuite> <!-- pruebas.Laboratorio5_E4 -->
