<?xml version="1.0" encoding="UTF-8"?>
<!-- Generated by org.testng.reporters.JUnitReportReporter -->
<testsuite ignored="0" hostname="LAPTOP-GL2C5OT0" failures="0" tests="1" name="pruebas.Laboratorio5_E2" time="0.116" errors="0" timestamp="31 oct 2023 03:25:23 GMT" skipped="0">
  <testcase classname="pruebas.Laboratorio5_E2" name="cargarArchivo" time="0.116"/>
</testsuite> <!-- pruebas.Laboratorio5_E2 -->
