<?xml version="1.0" encoding="UTF-8"?>
<!-- Generated by org.testng.reporters.JUnitReportReporter -->
<testsuite ignored="0" hostname="LAPTOP-GL2C5OT0" failures="0" tests="2" name="pruebas.CrossBrowserTest" time="21.146" errors="0" timestamp="03 nov 2023 03:34:40 GMT" skipped="0">
  <testcase classname="pruebas.CrossBrowserTest" name="buscarPalabra" time="10.191"/>
  <testcase classname="pruebas.CrossBrowserTest" name="buscarPalabra" time="10.955"/>
</testsuite> <!-- pruebas.CrossBrowserTest -->
