<?xml version="1.0" encoding="UTF-8"?>
<!-- Generated by org.testng.reporters.JUnitReportReporter -->
<testsuite ignored="0" hostname="LAPTOP-GL2C5OT0" failures="0" tests="2" name="EduIT.Anotaciones" time="0.026" errors="0" timestamp="28 oct 2023 18:43:13 GMT" skipped="0">
  <testcase classname="EduIT.Anotaciones" name="testCase2" time="0.008"/>
  <testcase classname="EduIT.Anotaciones" name="testCase1" time="0.018"/>
</testsuite> <!-- EduIT.Anotaciones -->
