<?xml version="1.0" encoding="UTF-8"?>
<!-- Generated by org.testng.reporters.JUnitReportReporter -->
<testsuite ignored="1" hostname="LAPTOP-GL2C5OT0" failures="0" tests="3" name="EduIT.Test_BeforeTestAndBeforeMethod" time="0.041" errors="0" timestamp="28 oct 2023 18:42:42 GMT" skipped="0">
  <testcase classname="EduIT.Test_BeforeTestAndBeforeMethod" name="testADemo" time="0.027"/>
  <testcase classname="EduIT.Test_BeforeTestAndBeforeMethod" name="testCDemo" time="0.004"/>
  <testcase classname="EduIT.Test_BeforeTestAndBeforeMethod" name="testBDemo" time="0.010"/>
  <testcase classname="EduIT.Laboratorio3_Ejercicio1" name="pruebaTest">
    <skipped/>
  </testcase> <!-- pruebaTest -->
</testsuite> <!-- EduIT.Test_BeforeTestAndBeforeMethod -->
