<?xml version="1.0" encoding="UTF-8"?>
<!-- Generated by org.testng.reporters.JUnitReportReporter -->
<testsuite ignored="1" hostname="LAPTOP-GL2C5OT0" failures="0" tests="3" name="EduIT.testNGPriorityExample" time="0.038" errors="0" timestamp="28 oct 2023 18:42:42 GMT" skipped="0">
  <testcase classname="EduIT.testNGPriorityExample" name="sendEmail" time="0.009"/>
  <testcase classname="EduIT.testNGPriorityExample" name="registerAccount" time="0.018"/>
  <testcase classname="EduIT.testNGPriorityExample" name="login" time="0.011"/>
  <testcase classname="EduIT.Laboratorio3_Ejercicio1" name="pruebaTest">
    <skipped/>
  </testcase> <!-- pruebaTest -->
</testsuite> <!-- EduIT.testNGPriorityExample -->
